<?xml version="1.0" encoding="UTF-8"?>
<!-- Generated by org.testng.reporters.JUnitXMLReporter -->
<testsuite hostname="ARAVINDKSV" ignored="0" name="Test" tests="6" failures="0" timestamp="22 Sep 2021 08:58:12 GMT" time="0.101" errors="0">
  <testcase name="createContactTest" time="0.024" classname="com.Comcast.ContactsTest.ContactTest"/>
  <testcase name="createContactWithOgTest" time="0.0" classname="com.Comcast.ContactsTest.ContactTest"/>
  <testcase name="deleteContactTest" time="0.008" classname="com.Comcast.ContactsTest.ContactTest"/>
  <testcase name="createOrgTest" time="0.0" classname="com.Comcast.OrgTest.OrgTest"/>
  <testcase name="createOrgWithInduTest" time="0.0" classname="com.Comcast.OrgTest.OrgTest"/>
  <testcase name="deleteOrgTest" time="0.008" classname="com.Comcast.OrgTest.OrgTest"/>
</testsuite> <!-- Test -->
