<?xml version="1.0" encoding="UTF-8"?>
<!-- Generated by org.testng.reporters.JUnitXMLReporter -->
<testsuite hostname="ARAVINDKSV" ignored="6" name="Test" tests="2" failures="0" timestamp="26 Sep 2021 16:12:13 GMT" time="0.057" errors="0">
  <testcase name="createContactTest" time="0.023" classname="com.Comcast.ContactsTest.ContactTest"/>
  <testcase name="createOrgTest" time="0.0" classname="com.Comcast.OrgTest.OrgTest"/>
  <testcase name="searchContactTest" time="0.0" classname="com.Comcast.ContactsTest.ContactTest">
    <ignored/>
  </testcase> <!-- searchContactTest -->
  <testcase name="deleteOrgTest" time="0.0" classname="com.Comcast.OrgTest.OrgTest">
    <ignored/>
  </testcase> <!-- deleteOrgTest -->
  <testcase name="deleteContactTest" time="0.0" classname="com.Comcast.ContactsTest.ContactTest">
    <ignored/>
  </testcase> <!-- deleteContactTest -->
  <testcase name="editContactTest" time="0.0" classname="com.Comcast.ContactsTest.ContactTest">
    <ignored/>
  </testcase> <!-- editContactTest -->
  <testcase name="createOrgWithInduTest" time="0.0" classname="com.Comcast.OrgTest.OrgTest">
    <ignored/>
  </testcase> <!-- createOrgWithInduTest -->
  <testcase name="createContactWithOgTest" time="0.0" classname="com.Comcast.ContactsTest.ContactTest">
    <ignored/>
  </testcase> <!-- createContactWithOgTest -->
</testsuite> <!-- Test -->
