<?xml version="1.0" encoding="UTF-8"?>
<testng-results skipped="0" failed="0" ignored="0" total="8" passed="8">
  <reporter-output>
  </reporter-output>
  <suite name="Surefire suite" duration-ms="62" started-at="2021-09-26T09:42:08Z" finished-at="2021-09-26T09:42:08Z">
    <groups>
      <group name="SmokeTest">
        <method signature="ContactTest.createContactTest()[pri:0, instance:com.Comcast.ContactsTest.ContactTest@4b9e13df]" name="createContactTest" class="com.Comcast.ContactsTest.ContactTest"/>
        <method signature="OrgTest.createOrgTest()[pri:0, instance:com.Comcast.OrgTest.OrgTest@2b98378d]" name="createOrgTest" class="com.Comcast.OrgTest.OrgTest"/>
      </group> <!-- SmokeTest -->
      <group name="RegressionTest">
        <method signature="ContactTest.createContactWithOgTest()[pri:0, instance:com.Comcast.ContactsTest.ContactTest@4b9e13df]" name="createContactWithOgTest" class="com.Comcast.ContactsTest.ContactTest"/>
        <method signature="ContactTest.deleteContactTest()[pri:0, instance:com.Comcast.ContactsTest.ContactTest@4b9e13df]" name="deleteContactTest" class="com.Comcast.ContactsTest.ContactTest"/>
        <method signature="ContactTest.editContactTest()[pri:0, instance:com.Comcast.ContactsTest.ContactTest@4b9e13df]" name="editContactTest" class="com.Comcast.ContactsTest.ContactTest"/>
        <method signature="ContactTest.searchContactTest()[pri:0, instance:com.Comcast.ContactsTest.ContactTest@4b9e13df]" name="searchContactTest" class="com.Comcast.ContactsTest.ContactTest"/>
        <method signature="OrgTest.createOrgWithInduTest()[pri:0, instance:com.Comcast.OrgTest.OrgTest@2b98378d]" name="createOrgWithInduTest" class="com.Comcast.OrgTest.OrgTest"/>
        <method signature="OrgTest.deleteOrgTest()[pri:0, instance:com.Comcast.OrgTest.OrgTest@2b98378d]" name="deleteOrgTest" class="com.Comcast.OrgTest.OrgTest"/>
      </group> <!-- RegressionTest -->
    </groups>
    <test name="Surefire test" duration-ms="62" started-at="2021-09-26T09:42:08Z" finished-at="2021-09-26T09:42:08Z">
      <class name="com.Comcast.OrgTest.OrgTest">
        <test-method status="PASS" signature="deleteOrgTest()[pri:0, instance:com.Comcast.OrgTest.OrgTest@2b98378d]" name="deleteOrgTest" duration-ms="0" started-at="2021-09-26T09:42:08Z" finished-at="2021-09-26T09:42:08Z">
          <reporter-output>
          </reporter-output>
        </test-method> <!-- deleteOrgTest -->
        <test-method status="PASS" signature="createOrgTest()[pri:0, instance:com.Comcast.OrgTest.OrgTest@2b98378d]" name="createOrgTest" duration-ms="0" started-at="2021-09-26T09:42:08Z" finished-at="2021-09-26T09:42:08Z">
          <reporter-output>
          </reporter-output>
        </test-method> <!-- createOrgTest -->
        <test-method status="PASS" signature="createOrgWithInduTest()[pri:0, instance:com.Comcast.OrgTest.OrgTest@2b98378d]" name="createOrgWithInduTest" duration-ms="0" started-at="2021-09-26T09:42:08Z" finished-at="2021-09-26T09:42:08Z">
          <reporter-output>
          </reporter-output>
        </test-method> <!-- createOrgWithInduTest -->
      </class> <!-- com.Comcast.OrgTest.OrgTest -->
      <class name="com.Comcast.ContactsTest.ContactTest">
        <test-method status="PASS" signature="createContactTest()[pri:0, instance:com.Comcast.ContactsTest.ContactTest@4b9e13df]" name="createContactTest" duration-ms="16" started-at="2021-09-26T09:42:08Z" finished-at="2021-09-26T09:42:08Z">
          <reporter-output>
          </reporter-output>
        </test-method> <!-- createContactTest -->
        <test-method status="PASS" signature="createContactWithOgTest()[pri:0, instance:com.Comcast.ContactsTest.ContactTest@4b9e13df]" name="createContactWithOgTest" duration-ms="0" started-at="2021-09-26T09:42:08Z" finished-at="2021-09-26T09:42:08Z">
          <reporter-output>
          </reporter-output>
        </test-method> <!-- createContactWithOgTest -->
        <test-method status="PASS" signature="editContactTest()[pri:0, instance:com.Comcast.ContactsTest.ContactTest@4b9e13df]" name="editContactTest" duration-ms="0" started-at="2021-09-26T09:42:08Z" finished-at="2021-09-26T09:42:08Z">
          <reporter-output>
          </reporter-output>
        </test-method> <!-- editContactTest -->
        <test-method status="PASS" signature="deleteContactTest()[pri:0, instance:com.Comcast.ContactsTest.ContactTest@4b9e13df]" name="deleteContactTest" duration-ms="0" started-at="2021-09-26T09:42:08Z" finished-at="2021-09-26T09:42:08Z">
          <reporter-output>
          </reporter-output>
        </test-method> <!-- deleteContactTest -->
        <test-method status="PASS" signature="searchContactTest()[pri:0, instance:com.Comcast.ContactsTest.ContactTest@4b9e13df]" name="searchContactTest" duration-ms="0" started-at="2021-09-26T09:42:08Z" finished-at="2021-09-26T09:42:08Z">
          <reporter-output>
          </reporter-output>
        </test-method> <!-- searchContactTest -->
      </class> <!-- com.Comcast.ContactsTest.ContactTest -->
    </test> <!-- Surefire test -->
  </suite> <!-- Surefire suite -->
</testng-results>
