<?xml version="1.0" encoding="UTF-8"?>
<testng-results skipped="0" failed="0" ignored="2" total="6" passed="4">
  <reporter-output>
  </reporter-output>
  <suite name="Suite" duration-ms="49" started-at="2021-09-22T18:55:15Z" finished-at="2021-09-22T18:55:15Z">
    <groups>
      <group name="RegressionTest">
        <method signature="ContactTest.createContactWithOgTest()[pri:0, instance:com.Comcast.ContactsTest.ContactTest@12843fce]" name="createContactWithOgTest" class="com.Comcast.ContactsTest.ContactTest"/>
        <method signature="ContactTest.deleteContactTest()[pri:0, instance:com.Comcast.ContactsTest.ContactTest@12843fce]" name="deleteContactTest" class="com.Comcast.ContactsTest.ContactTest"/>
        <method signature="OrgTest.createOrgWithInduTest()[pri:0, instance:com.Comcast.OrgTest.OrgTest@3dd3bcd]" name="createOrgWithInduTest" class="com.Comcast.OrgTest.OrgTest"/>
        <method signature="OrgTest.deleteOrgTest()[pri:0, instance:com.Comcast.OrgTest.OrgTest@3dd3bcd]" name="deleteOrgTest" class="com.Comcast.OrgTest.OrgTest"/>
      </group> <!-- RegressionTest -->
    </groups>
    <test name="Test" duration-ms="49" started-at="2021-09-22T18:55:15Z" finished-at="2021-09-22T18:55:15Z">
      <class name="com.Comcast.OrgTest.OrgTest">
        <test-method status="PASS" signature="createOrgWithInduTest()[pri:0, instance:com.Comcast.OrgTest.OrgTest@3dd3bcd]" name="createOrgWithInduTest" duration-ms="0" started-at="2021-09-22T18:55:15Z" finished-at="2021-09-22T18:55:15Z">
          <reporter-output>
          </reporter-output>
        </test-method> <!-- createOrgWithInduTest -->
        <test-method status="PASS" signature="deleteOrgTest()[pri:0, instance:com.Comcast.OrgTest.OrgTest@3dd3bcd]" name="deleteOrgTest" duration-ms="1" started-at="2021-09-22T18:55:15Z" finished-at="2021-09-22T18:55:15Z">
          <reporter-output>
          </reporter-output>
        </test-method> <!-- deleteOrgTest -->
      </class> <!-- com.Comcast.OrgTest.OrgTest -->
      <class name="com.Comcast.ContactsTest.ContactTest">
        <test-method status="PASS" signature="createContactWithOgTest()[pri:0, instance:com.Comcast.ContactsTest.ContactTest@12843fce]" name="createContactWithOgTest" duration-ms="8" started-at="2021-09-22T18:55:15Z" finished-at="2021-09-22T18:55:15Z">
          <reporter-output>
          </reporter-output>
        </test-method> <!-- createContactWithOgTest -->
        <test-method status="PASS" signature="deleteContactTest()[pri:0, instance:com.Comcast.ContactsTest.ContactTest@12843fce]" name="deleteContactTest" duration-ms="1" started-at="2021-09-22T18:55:15Z" finished-at="2021-09-22T18:55:15Z">
          <reporter-output>
          </reporter-output>
        </test-method> <!-- deleteContactTest -->
      </class> <!-- com.Comcast.ContactsTest.ContactTest -->
    </test> <!-- Test -->
  </suite> <!-- Suite -->
</testng-results>
