<?xml version="1.0" encoding="UTF-8"?>
<testsuite name="TestSuite" time="0.014" tests="4" errors="0" skipped="0" failures="0">
  <properties>
[...]
</properties>
  <testcase name="createContactWithOgTest" classname="com.Comcast.ContactsTest.ContactTest" time="0.008"/>
  <testcase name="deleteContactTest" classname="com.Comcast.ContactsTest.ContactTest" time="0.003"/>
  <testcase name="createOrgWithInduTest" classname="com.Comcast.OrgTest.OrgTest" time="0.001"/>
  <testcase name="deleteOrgTest" classname="com.Comcast.OrgTest.OrgTest" time="0.002"/>
</testsuite>