<?xml version="1.0" encoding="UTF-8"?>
<testsuite xmlns:xsi="http://www.w3.org/2001/XMLSchema-instance" xsi:noNamespaceSchemaLocation="https://maven.apache.org/surefire/maven-surefire-plugin/xsd/surefire-test-report.xsd" name="TestSuite" time="0.594" tests="8" errors="0" skipped="0" failures="0">
  <properties>
[...]
</properties>
  <testcase name="createContactTest" classname="com.Comcast.ContactsTest.ContactTest" time="0.015"/>
  <testcase name="createContactWithOgTest" classname="com.Comcast.ContactsTest.ContactTest" time="0"/>
  <testcase name="deleteContactTest" classname="com.Comcast.ContactsTest.ContactTest" time="0"/>
  <testcase name="editContactTest" classname="com.Comcast.ContactsTest.ContactTest" time="0"/>
  <testcase name="searchContactTest" classname="com.Comcast.ContactsTest.ContactTest" time="0.016"/>
  <testcase name="createOrgTest" classname="com.Comcast.OrgTest.OrgTest" time="0"/>
  <testcase name="createOrgWithInduTest" classname="com.Comcast.OrgTest.OrgTest" time="0"/>
  <testcase name="deleteOrgTest" classname="com.Comcast.OrgTest.OrgTest" time="0"/>
</testsuite>