<?xml version="1.0" encoding="UTF-8"?>
<!-- Generated by org.testng.reporters.JUnitXMLReporter -->
<testsuite hostname="ARAVINDKSV" ignored="0" name="Surefire test" tests="8" failures="0" timestamp="26 Sep 2021 09:42:08 GMT" time="0.062" errors="0">
  <testcase name="createContactTest" time="0.016" classname="com.Comcast.ContactsTest.ContactTest"/>
  <testcase name="createContactWithOgTest" time="0.0" classname="com.Comcast.ContactsTest.ContactTest"/>
  <testcase name="deleteContactTest" time="0.0" classname="com.Comcast.ContactsTest.ContactTest"/>
  <testcase name="editContactTest" time="0.0" classname="com.Comcast.ContactsTest.ContactTest"/>
  <testcase name="searchContactTest" time="0.0" classname="com.Comcast.ContactsTest.ContactTest"/>
  <testcase name="createOrgTest" time="0.0" classname="com.Comcast.OrgTest.OrgTest"/>
  <testcase name="createOrgWithInduTest" time="0.0" classname="com.Comcast.OrgTest.OrgTest"/>
  <testcase name="deleteOrgTest" time="0.0" classname="com.Comcast.OrgTest.OrgTest"/>
</testsuite> <!-- Surefire test -->
