<?xml version="1.0" encoding="UTF-8"?>
<!-- Generated by org.testng.reporters.JUnitXMLReporter -->
<testsuite hostname="ARAVINDKSV" ignored="0" name="Default test" tests="5" failures="0" timestamp="26 Sep 2021 16:15:22 GMT" time="0.076" errors="0">
  <testcase name="createContactTest" time="0.016" classname="com.Comcast.ContactsTest.ContactTest"/>
  <testcase name="createContactWithOgTest" time="0.0" classname="com.Comcast.ContactsTest.ContactTest"/>
  <testcase name="deleteContactTest" time="0.0" classname="com.Comcast.ContactsTest.ContactTest"/>
  <testcase name="editContactTest" time="0.0" classname="com.Comcast.ContactsTest.ContactTest"/>
  <testcase name="searchContactTest" time="0.0" classname="com.Comcast.ContactsTest.ContactTest"/>
</testsuite> <!-- Default test -->
