<?xml version="1.0" encoding="UTF-8"?>
<testng-results skipped="0" failed="0" ignored="0" total="5" passed="5">
  <reporter-output>
  </reporter-output>
  <suite name="Default suite" duration-ms="74" started-at="2021-09-26T16:32:44Z" finished-at="2021-09-26T16:32:45Z">
    <groups>
      <group name="SmokeTest">
        <method signature="ContactTest.createContactTest()[pri:0, instance:com.Comcast.ContactsTest.ContactTest@2ac273d3]" name="createContactTest" class="com.Comcast.ContactsTest.ContactTest"/>
      </group> <!-- SmokeTest -->
      <group name="RegressionTest">
        <method signature="ContactTest.createContactWithOgTest()[pri:0, instance:com.Comcast.ContactsTest.ContactTest@2ac273d3]" name="createContactWithOgTest" class="com.Comcast.ContactsTest.ContactTest"/>
        <method signature="ContactTest.deleteContactTest()[pri:0, instance:com.Comcast.ContactsTest.ContactTest@2ac273d3]" name="deleteContactTest" class="com.Comcast.ContactsTest.ContactTest"/>
        <method signature="ContactTest.editContactTest()[pri:0, instance:com.Comcast.ContactsTest.ContactTest@2ac273d3]" name="editContactTest" class="com.Comcast.ContactsTest.ContactTest"/>
        <method signature="ContactTest.searchContactTest()[pri:0, instance:com.Comcast.ContactsTest.ContactTest@2ac273d3]" name="searchContactTest" class="com.Comcast.ContactsTest.ContactTest"/>
      </group> <!-- RegressionTest -->
    </groups>
    <test name="Default test" duration-ms="74" started-at="2021-09-26T16:32:44Z" finished-at="2021-09-26T16:32:45Z">
      <class name="com.Comcast.ContactsTest.ContactTest">
        <test-method status="PASS" signature="createContactTest()[pri:0, instance:com.Comcast.ContactsTest.ContactTest@2ac273d3]" name="createContactTest" duration-ms="15" started-at="2021-09-26T16:32:45Z" finished-at="2021-09-26T16:32:45Z">
          <reporter-output>
          </reporter-output>
        </test-method> <!-- createContactTest -->
        <test-method status="PASS" signature="deleteContactTest()[pri:0, instance:com.Comcast.ContactsTest.ContactTest@2ac273d3]" name="deleteContactTest" duration-ms="0" started-at="2021-09-26T16:32:45Z" finished-at="2021-09-26T16:32:45Z">
          <reporter-output>
          </reporter-output>
        </test-method> <!-- deleteContactTest -->
        <test-method status="PASS" signature="searchContactTest()[pri:0, instance:com.Comcast.ContactsTest.ContactTest@2ac273d3]" name="searchContactTest" duration-ms="0" started-at="2021-09-26T16:32:45Z" finished-at="2021-09-26T16:32:45Z">
          <reporter-output>
          </reporter-output>
        </test-method> <!-- searchContactTest -->
        <test-method status="PASS" signature="editContactTest()[pri:0, instance:com.Comcast.ContactsTest.ContactTest@2ac273d3]" name="editContactTest" duration-ms="0" started-at="2021-09-26T16:32:45Z" finished-at="2021-09-26T16:32:45Z">
          <reporter-output>
          </reporter-output>
        </test-method> <!-- editContactTest -->
        <test-method status="PASS" signature="createContactWithOgTest()[pri:0, instance:com.Comcast.ContactsTest.ContactTest@2ac273d3]" name="createContactWithOgTest" duration-ms="0" started-at="2021-09-26T16:32:45Z" finished-at="2021-09-26T16:32:45Z">
          <reporter-output>
          </reporter-output>
        </test-method> <!-- createContactWithOgTest -->
      </class> <!-- com.Comcast.ContactsTest.ContactTest -->
    </test> <!-- Default test -->
  </suite> <!-- Default suite -->
</testng-results>
