<?xml version="1.0" encoding="UTF-8"?>
<!-- Generated by org.testng.reporters.JUnitXMLReporter -->
<testsuite hostname="ARAVINDKSV" ignored="2" name="Test" tests="4" failures="0" timestamp="22 Sep 2021 18:55:16 GMT" time="0.049" errors="0">
  <testcase name="createContactWithOgTest" time="0.008" classname="com.Comcast.ContactsTest.ContactTest"/>
  <testcase name="deleteContactTest" time="0.001" classname="com.Comcast.ContactsTest.ContactTest"/>
  <testcase name="createOrgWithInduTest" time="0.0" classname="com.Comcast.OrgTest.OrgTest"/>
  <testcase name="deleteOrgTest" time="0.001" classname="com.Comcast.OrgTest.OrgTest"/>
  <testcase name="createContactTest" time="0.0" classname="com.Comcast.ContactsTest.ContactTest">
    <ignored/>
  </testcase> <!-- createContactTest -->
  <testcase name="createOrgTest" time="0.0" classname="com.Comcast.OrgTest.OrgTest">
    <ignored/>
  </testcase> <!-- createOrgTest -->
</testsuite> <!-- Test -->
